7 2.69845e+06 6133 0
7 2.60954e+06 6229 0
7 2.77183e+06 6181 0
7 2.71044e+06 6162 0
7 2.65282e+06 6174 0
7 2.6801e+06 6324 0
7 2.67117e+06 6227 0
7 2.785e+06 6285 0
7 2.68669e+06 6204 0
7 2.67469e+06 6333 0
7 2.40351e+06 6076 0
7 2.3647e+06 5941 0
7 2.33412e+06 5950 0
7 2.41292e+06 6018 0
7 2.39951e+06 5901 0
7 2.33036e+06 5933 0
7 2.32284e+06 5802 0
7 2.43832e+06 5992 0
7 2.39951e+06 5955 0
7 2.27344e+06 5905 0
7 2.03848e+06 5691 0
7 2.0072e+06 5647 0
7 2.09375e+06 5655 0
7 2.14526e+06 5740 0
7 2.14526e+06 5740 0
7 2.11821e+06 5645 0
7 2.0707e+06 5668 0
7 2.05918e+06 5656 0
7 2.09375e+06 5745 0
7 2.12456e+06 5807 0
7 1.88066e+06 5401 0
7 1.90347e+06 5488 0
7 1.90371e+06 5543 0
7 1.87854e+06 5546 0
7 1.94675e+06 5571 0
7 1.9284e+06 5452 0
7 1.94252e+06 5540 0
7 1.79952e+06 5264 0
7 2.01284e+06 5639 0
7 1.82186e+06 5314 0
7 1.62617e+06 5103 0
7 1.73742e+06 5116 0
7 1.68192e+06 5207 0
7 1.71343e+06 5267 0
7 1.74095e+06 5335 0
7 1.73225e+06 5207 0
7 1.68003e+06 5238 0
7 1.77106e+06 5311 0
7 1.6631e+06 5229 0
7 1.68685e+06 5159 0
7 1.58525e+06 5058 0
7 1.46318e+06 4924 0
7 1.48835e+06 5048 0
7 1.6083e+06 5131 0
7 1.56855e+06 4993 0
7 1.54668e+06 5011 0
7 1.59983e+06 5127 0
7 1.56055e+06 5115 0
7 1.56173e+06 5055 0
7 1.63746e+06 5251 0
7 1.47282e+06 4927 0
7 1.37357e+06 4767 0
7 1.4366e+06 4835 0
7 1.41755e+06 4867 0
7 1.38556e+06 4695 0
7 1.40085e+06 4871 0
7 1.41708e+06 4779 0
7 1.3738e+06 4893 0
7 1.42884e+06 4911 0
7 1.44954e+06 4884 0
7 1.34934e+06 4875 0
7 1.35028e+06 4728 0
7 1.35005e+06 4799 0
7 1.30042e+06 4716 0
7 1.3103e+06 4710 0
7 1.37075e+06 4748 0
7 1.3898e+06 4735 0
7 1.25032e+06 4514 0
7 1.31242e+06 4706 0
7 1.31971e+06 4697 0
7 1.2562e+06 4558 0
7 1.25173e+06 4645 0
7 1.18964e+06 4543 0
7 1.20658e+06 4526 0
7 1.21928e+06 4525 0
7 1.19411e+06 4448 0
7 1.18329e+06 4387 0
7 1.31148e+06 4695 0
7 1.19011e+06 4492 0
7 1.20375e+06 4449 0
7 1.10097e+06 4324 0
7 1.14119e+06 4432 0
7 1.1172e+06 4338 0
7 1.20352e+06 4591 0
7 1.17106e+06 4553 0
7 1.13366e+06 4436 0
7 1.20469e+06 4456 0
7 1.11297e+06 4356 0
7 1.14519e+06 4405 0
7 1.17624e+06 4451 0
7 1.08168e+06 4320 0
7 1.09885e+06 4440 0
7 1.11438e+06 4417 0
7 981725 4103 0
7 1.04688e+06 4193 0
7 1.08074e+06 4393 0
7 1.04546e+06 4247 0
7 1.03488e+06 4259 0
7 1.01536e+06 4131 0
7 1.07957e+06 4370 0
7 985253 4183 0
7 974198 4166 0
7 1.03394e+06 4218 0
7 1.08827e+06 4354 0
7 973728 4138 0
7 972082 4186 0
7 1.00524e+06 4172 0
7 984547 4166 0
7 1.03347e+06 4145 0
7 1.0243e+06 4287 0
7 971376 4158 0
7 1.02288e+06 4208 0
7 953971 4074 0
7 955382 3999 0
7 951149 3971 0
7 969259 4073 0
7 984547 4034 0
7 882706 3888 0
7 962438 4069 0
7 836371 3766 0
7 925042 3951 0
7 831667 3805 0
7 953030 4098 0
7 903638 3987 0
7 852835 3843 0
7 897758 3966 0
7 911870 3986 0
7 860126 3930 0
7 906461 4012 0
7 890938 3902 0
7 837782 3878 0
7 847190 3951 0
7 868829 3893 0
7 813557 3845 0
7 866947 3990 0
7 852835 3830 0
7 823200 3890 0
7 883176 3941 0
7 811675 3719 0
7 840370 3782 0
7 827669 3871 0
7 780629 3809 0
7 804149 3810 0
7 776866 3753 0
7 823670 3896 0
7 761578 3636 0
7 857304 3830 0
7 779923 3786 0
7 790978 3709 0
7 836371 3925 0
7 730531 3552 0
7 762989 3717 0
7 784157 3713 0
7 754757 3704 0
7 710539 3543 0
7 745349 3669 0
7 821554 3821 0
7 759931 3687 0
7 760872 3726 0
7 764870 3707 0
7 744643 3736 0
7 693605 3570 0
7 735235 3549 0
7 721123 3582 0
7 695251 3530 0
7 734765 3533 0
7 779688 3752 0
7 749347 3622 0
7 664205 3467 0
7 733118 3593 0
