17 1.04993e+06 4226 0
17 1.04664e+06 4274 0
17 1.05252e+06 4291 0
17 1.13437e+06 4379 0
17 1.14072e+06 4376 0
17 1.06122e+06 4168 0
17 1.09321e+06 4320 0
17 1.07745e+06 4399 0
17 1.04311e+06 4380 0
17 1.09062e+06 4298 0
17 935390 4070 0
17 1.05722e+06 4226 0
17 1.02312e+06 4192 0
17 1.00948e+06 4195 0
17 1.01842e+06 4207 0
17 1.03112e+06 4216 0
17 1.03935e+06 4254 0
17 1.01512e+06 4159 0
17 935390 4028 0
17 967613 4056 0
17 926218 3984 0
17 938213 4066 0
17 963144 4092 0
17 949032 4243 0
17 913752 3995 0
17 894466 3876 0
17 1.01042e+06 4196 0
17 972082 4066 0
17 889762 4063 0
17 926453 3975 0
17 864595 3879 0
17 871651 3941 0
17 854482 3863 0
17 888586 3983 0
17 871886 3908 0
17 856834 3893 0
17 905520 3997 0
17 909283 4092 0
17 853541 3938 0
17 935390 4037 0
17 817085 3740 0
17 952090 4129 0
17 862949 3903 0
17 852130 3934 0
17 852365 3909 0
17 880118 3983 0
17 840605 3787 0
17 777101 3675 0
17 866242 3775 0
17 864360 3873 0
17 752405 3716 0
17 768398 3612 0
17 813557 3754 0
17 803678 3755 0
17 826258 3759 0
17 750053 3658 0
17 801562 3701 0
17 773102 3746 0
17 785803 3788 0
17 835901 3839 0
17 754522 3646 0
17 732883 3659 0
17 771926 3704 0
17 815909 3882 0
17 687254 3392 0
17 819437 3772 0
17 730766 3563 0
17 736411 3574 0
17 743232 3640 0
17 713832 3519 0
17 662323 3418 0
17 737587 3627 0
17 719477 3567 0
17 740410 3602 0
17 765106 3723 0
17 787685 3744 0
17 727709 3626 0
17 701366 3507 0
17 723005 3565 0
17 730531 3637 0
