20 898934 4060 0
20 931862 4074 0
20 824376 3747 0
20 898699 3923 0
20 834019 3871 0
20 922925 4018 0
20 869064 3830 0
20 894936 3954 0
20 908107 3995 0
20 868358 3875 0
20 809323 3733 0
20 876826 3950 0
20 868829 3943 0
20 836842 3742 0
20 843898 3911 0
20 915398 4036 0
20 832608 3787 0
20 857304 3929 0
20 827434 3790 0
20 849307 3895 0
20 808147 3844 0
20 786274 3671 0
20 852365 3873 0
20 790272 3762 0
20 766987 3613 0
20 830021 3844 0
20 771691 3722 0
20 775925 3741 0
20 779453 3644 0
20 726533 3647 0
20 793094 3829 0
20 783216 3761 0
20 762518 3683 0
20 770515 3690 0
20 736646 3653 0
20 673378 3448 0
20 806736 3745 0
20 790037 3794 0
20 742997 3613 0
20 728650 3631 0
20 705600 3595 0
20 704424 3618 0
20 725122 3646 0
20 714067 3577 0
20 687960 3528 0
20 719477 3574 0
20 801562 3742 0
20 703718 3454 0
20 759931 3693 0
20 754757 3609 0
