11 1.69368e+06 5254 0
11 1.71814e+06 5231 0
11 1.73178e+06 5239 0
11 1.69556e+06 5233 0
11 1.60571e+06 5154 0
11 1.70473e+06 5154 0
11 1.65204e+06 5185 0
11 1.5836e+06 5069 0
11 1.6297e+06 5115 0
11 1.69885e+06 5226 0
11 1.57678e+06 5072 0
11 1.57349e+06 5059 0
11 1.54856e+06 4982 0
11 1.59983e+06 5183 0
11 1.51187e+06 4988 0
11 1.48882e+06 4955 0
11 1.50293e+06 5023 0
11 1.5963e+06 5117 0
11 1.56902e+06 5061 0
11 1.609e+06 5099 0
11 1.42743e+06 4960 0
11 1.4994e+06 4991 0
11 1.36745e+06 4850 0
11 1.39215e+06 4801 0
11 1.34299e+06 4658 0
11 1.43119e+06 4881 0
11 1.47306e+06 4881 0
11 1.41661e+06 4868 0
11 1.43637e+06 4965 0
11 1.42578e+06 4949 0
11 1.27925e+06 4520 0
11 1.35216e+06 4707 0
11 1.23621e+06 4510 0
11 1.32653e+06 4639 0
11 1.33523e+06 4726 0
11 1.32935e+06 4672 0
11 1.41661e+06 4873 0
11 1.31195e+06 4648 0
11 1.29407e+06 4633 0
11 1.27149e+06 4535 0
11 1.19811e+06 4529 0
11 1.19458e+06 4462 0
11 1.20469e+06 4570 0
11 1.23339e+06 4568 0
11 1.22633e+06 4626 0
11 1.24209e+06 4549 0
11 1.2976e+06 4716 0
11 1.21457e+06 4547 0
11 1.23057e+06 4575 0
11 1.18447e+06 4528 0
11 1.10215e+06 4331 0
11 1.12567e+06 4396 0
11 1.10756e+06 4397 0
11 1.16095e+06 4382 0
11 1.17741e+06 4469 0
11 1.19458e+06 4505 0
11 1.15366e+06 4479 0
11 1.07181e+06 4280 0
11 1.17012e+06 4436 0
11 1.16565e+06 4511 0
11 1.07416e+06 4237 0
11 1.10262e+06 4387 0
11 1.0711e+06 4204 0
11 1.06499e+06 4173 0
11 1.11061e+06 4327 0
11 1.08168e+06 4374 0
11 1.07745e+06 4391 0
11 1.04029e+06 4274 0
11 1.09227e+06 4315 0
11 1.16988e+06 4477 0
11 1.02759e+06 4217 0
11 976786 4064 0
11 1.07204e+06 4339 0
11 1.01559e+06 4208 0
11 972552 4176 0
11 1.02312e+06 4207 0
11 935390 4021 0
11 1.02359e+06 4167 0
11 973493 4111 0
11 966672 4088 0
11 896582 3917 0
11 922925 3992 0
11 940330 4020 0
11 946210 4125 0
11 989486 4167 0
11 956794 4026 0
11 937272 3969 0
11 915163 3954 0
11 981725 4125 0
11 959851 4075 0
11 901992 4046 0
11 932568 4087 0
11 893995 3978 0
11 815438 3859 0
11 953971 4044 0
11 875414 3970 0
11 855658 3884 0
11 884587 4048 0
11 884117 3921 0
11 894230 4058 0
11 869770 3973 0
11 790037 3780 0
11 918691 4119 0
11 878472 3967 0
11 885763 3931 0
11 833549 3816 0
11 877061 3931 0
11 797328 3725 0
11 867888 3977 0
11 866712 3859 0
11 813792 3799 0
11 770045 3796 0
11 808147 3785 0
11 789802 3652 0
11 837782 3756 0
11 762048 3745 0
11 794035 3701 0
11 859656 3834 0
11 835195 3845 0
11 825787 3821 0
11 762518 3640 0
11 755933 3718 0
11 702307 3504 0
11 774514 3621 0
11 754286 3799 0
11 776160 3719 0
11 769339 3723 0
11 768398 3729 0
11 743467 3746 0
11 768634 3670 0
11 688430 3594 0
11 764400 3825 0
11 788390 3734 0
11 728650 3699 0
11 724886 3573 0
11 785803 3803 0
11 697368 3598 0
11 684432 3482 0
11 738763 3676 0
11 688901 3408 0
