16 1.24233e+06 4444 0
16 1.09368e+06 4457 0
16 1.05746e+06 4240 0
16 1.04005e+06 4276 0
16 1.1513e+06 4416 0
16 1.19646e+06 4494 0
16 1.1673e+06 4467 0
16 1.15413e+06 4351 0
16 1.15483e+06 4436 0
16 1.1593e+06 4543 0
16 1.0751e+06 4373 0
16 1.00642e+06 4143 0
16 1.04735e+06 4231 0
16 1.09791e+06 4426 0
16 1.025e+06 4210 0
16 1.11791e+06 4363 0
16 1.02477e+06 4160 0
16 1.13061e+06 4374 0
16 1.03182e+06 4222 0
16 1.02688e+06 4331 0
16 1.04829e+06 4271 0
16 1.02947e+06 4313 0
16 1.00031e+06 4192 0
16 1.05793e+06 4189 0
16 942446 4159 0
16 967848 4069 0
16 1.04241e+06 4167 0
16 1.02688e+06 4175 0
16 1.04593e+06 4280 0
16 1.00642e+06 4194 0
16 939389 4050 0
16 927629 3966 0
16 1.00172e+06 4124 0
16 959851 4160 0
16 938918 4056 0
16 929275 3955 0
16 974434 4063 0
16 928334 3987 0
16 928805 4002 0
16 941741 4115 0
16 897288 3929 0
16 861067 3809 0
16 860362 3947 0
16 840134 3747 0
16 842722 3817 0
16 897758 3990 0
16 917750 4002 0
16 891878 3940 0
16 876355 3965 0
16 876120 3957 0
16 827904 3809 0
16 779688 3684 0
16 817790 3873 0
16 844368 3927 0
16 781805 3767 0
16 844838 3845 0
16 854717 3917 0
16 892114 3919 0
16 879178 3895 0
16 838723 3869 0
16 762048 3689 0
16 781334 3810 0
16 745819 3706 0
16 756874 3674 0
16 838253 3741 0
16 793800 3801 0
16 843662 3891 0
16 711950 3542 0
16 817790 3812 0
16 787920 3718 0
16 757579 3766 0
16 695722 3588 0
16 759461 3784 0
16 740174 3665 0
16 764400 3720 0
16 782981 3758 0
16 765811 3756 0
16 754522 3742 0
16 754757 3697 0
16 793800 3876 0
16 733824 3660 0
16 734294 3629 0
16 660677 3341 0
16 729355 3646 0
16 792154 3723 0
16 750053 3723 0
16 659736 3422 0
16 776160 3719 0
16 731707 3534 0
16 742762 3664 0
