2 7.90248e+06 7561 0
2 7.8999e+06 7432 0
2 7.95188e+06 7508 0
2 7.76724e+06 7581 0
2 7.82158e+06 7500 0
2 7.8251e+06 7459 0
2 7.91142e+06 7343 0
2 7.83522e+06 7534 0
2 7.94153e+06 7441 0
2 7.82793e+06 7385 0
2 5.74946e+06 7562 0
2 5.68596e+06 7412 0
2 5.741e+06 7580 0
2 5.64386e+06 7419 0
2 5.74758e+06 7629 0
2 5.85436e+06 7587 0
2 5.7744e+06 7474 0
2 5.6789e+06 7560 0
2 5.86895e+06 7566 0
2 5.82684e+06 7554 0
2 4.55088e+06 7320 0
2 4.45633e+06 7199 0
2 4.55582e+06 7199 0
2 4.53489e+06 7220 0
2 4.61063e+06 7296 0
2 4.47397e+06 7219 0
2 4.49726e+06 7028 0
2 4.52384e+06 7213 0
2 4.59957e+06 7262 0
2 4.63132e+06 7237 0
2 3.62255e+06 6810 0
2 3.81142e+06 7007 0
2 3.76038e+06 6841 0
2 3.72204e+06 6949 0
2 3.65077e+06 6846 0
2 3.60115e+06 6751 0
2 3.70017e+06 6807 0
2 3.59409e+06 6855 0
2 3.72251e+06 6903 0
2 3.7164e+06 6977 0
2 3.20672e+06 6774 0
2 3.20272e+06 6667 0
2 3.21424e+06 6602 0
2 3.10887e+06 6479 0
2 3.19425e+06 6590 0
2 3.34149e+06 6634 0
2 3.10699e+06 6562 0
2 3.10746e+06 6608 0
2 3.08982e+06 6531 0
2 3.091e+06 6556 0
2 2.79488e+06 6384 0
2 2.642e+06 6222 0
2 2.69469e+06 6157 0
2 2.65564e+06 6202 0
2 2.75231e+06 6312 0
2 2.72997e+06 6359 0
2 2.60931e+06 6175 0
2 2.63165e+06 6194 0
2 2.70033e+06 6203 0
2 2.75302e+06 6430 0
2 2.356e+06 5872 0
2 2.4449e+06 6007 0
2 2.43197e+06 6023 0
2 2.40468e+06 5919 0
2 2.45666e+06 6041 0
2 2.35365e+06 5918 0
2 2.30708e+06 5889 0
2 2.36611e+06 5914 0
2 2.37411e+06 6044 0
2 2.30049e+06 6038 0
2 2.11751e+06 5750 0
2 2.09681e+06 5613 0
2 2.25133e+06 5863 0
2 2.06341e+06 5651 0
2 2.06341e+06 5651 0
2 2.06506e+06 5635 0
2 2.05471e+06 5667 0
2 2.14126e+06 5721 0
2 2.05259e+06 5623 0
2 1.98532e+06 5598 0
2 1.84773e+06 5431 0
2 1.84209e+06 5356 0
2 1.91029e+06 5636 0
2 1.87243e+06 5396 0
2 1.84679e+06 5332 0
2 1.80116e+06 5398 0
2 1.82539e+06 5413 0
2 1.85008e+06 5489 0
2 1.82492e+06 5354 0
2 1.94016e+06 5438 0
2 1.68309e+06 5226 0
2 1.6838e+06 5099 0
2 1.61935e+06 5142 0
2 1.65228e+06 5173 0
2 1.79175e+06 5284 0
2 1.60877e+06 5112 0
2 1.67721e+06 5224 0
2 1.62523e+06 5221 0
2 1.79175e+06 5366 0
2 1.67016e+06 5166 0
2 1.5375e+06 5102 0
2 1.62664e+06 5074 0
2 1.61136e+06 5086 0
2 1.5081e+06 5019 0
2 1.63276e+06 5049 0
2 1.56737e+06 5093 0
2 1.54809e+06 5020 0
2 1.621e+06 5193 0
2 1.56455e+06 5065 0
2 1.48129e+06 4905 0
2 1.3738e+06 4803 0
2 1.42602e+06 4874 0
2 1.33946e+06 4787 0
2 1.4032e+06 4712 0
2 1.38792e+06 4795 0
2 1.34746e+06 4731 0
2 1.4152e+06 4856 0
2 1.44577e+06 4862 0
2 1.36604e+06 4768 0
2 1.3738e+06 4686 0
2 1.31547e+06 4559 0
2 1.31877e+06 4690 0
2 1.40579e+06 4797 0
2 1.16988e+06 4522 0
2 1.3444e+06 4768 0
2 1.40979e+06 4834 0
2 1.29148e+06 4642 0
2 1.35099e+06 4730 0
2 1.3644e+06 4731 0
2 1.2809e+06 4623 0
2 1.27925e+06 4723 0
2 1.25832e+06 4599 0
2 1.25479e+06 4599 0
2 1.21998e+06 4587 0
2 1.2007e+06 4438 0
2 1.14848e+06 4338 0
2 1.20211e+06 4565 0
2 1.19105e+06 4488 0
2 1.2896e+06 4643 0
2 1.20211e+06 4604 0
2 1.17153e+06 4450 0
2 1.18141e+06 4471 0
2 1.13249e+06 4269 0
2 1.16589e+06 4483 0
2 1.09744e+06 4378 0
2 1.1419e+06 4453 0
2 1.14378e+06 4441 0
2 1.1299e+06 4481 0
2 1.1219e+06 4390 0
2 1.16518e+06 4381 0
2 1.07557e+06 4316 0
2 996778 4148 0
2 1.06263e+06 4322 0
2 1.01936e+06 4166 0
2 1.13084e+06 4390 0
2 1.0711e+06 4292 0
2 1.12684e+06 4386 0
2 955382 4077 0
2 1.09556e+06 4384 0
2 1.11297e+06 4383 0
2 1.02853e+06 4219 0
2 1.01748e+06 4164 0
2 1.02665e+06 4244 0
2 1.01983e+06 4251 0
2 1.01042e+06 4209 0
2 1.01183e+06 4164 0
2 979843 4122 0
2 1.00172e+06 4073 0
2 1.03723e+06 4174 0
2 994896 4184 0
2 989251 4145 0
2 892349 3980 0
2 970435 4121 0
2 986429 4068 0
2 948091 4010 0
2 976786 4090 0
2 931157 3968 0
2 954677 4063 0
2 959851 4126 0
2 989957 4185 0
2 855422 3943 0
2 917986 4065 0
2 916574 4169 0
2 973258 4102 0
2 904814 4095 0
2 902698 3954 0
2 863419 3859 0
2 943622 4079 0
2 869064 3906 0
2 942917 4124 0
2 802032 3709 0
2 873533 3981 0
2 786274 3660 0
2 862008 3954 0
2 848131 3864 0
2 751934 3697 0
2 885998 3922 0
2 906226 3964 0
2 819437 3746 0
2 847896 3847 0
2 835195 3784 0
2 806971 3849 0
2 829080 3794 0
2 781099 3672 0
2 760872 3762 0
2 806030 3724 0
2 776866 3698 0
2 789096 3670 0
2 787214 3672 0
2 803678 3766 0
2 804854 3785 0
2 750053 3661 0
2 753346 3691 0
2 703013 3535 0
2 800386 3899 0
2 747230 3649 0
2 722770 3617 0
2 812146 3806 0
2 782746 3670 0
2 769339 3613 0
2 712656 3537 0
2 722064 3632 0
2 737822 3554 0
2 702778 3550 0
2 717830 3572 0
2 719477 3631 0
2 709598 3598 0
2 747936 3678 0
2 742056 3569 0
2 718536 3571 0
