6 3.02796e+06 6509 0
6 3.1251e+06 6494 0
6 3.14345e+06 6559 0
6 3.1084e+06 6549 0
6 3.07312e+06 6597 0
6 3.06654e+06 6457 0
6 3.14227e+06 6594 0
6 3.17638e+06 6650 0
6 3.1585e+06 6615 0
6 3.12369e+06 6490 0
6 2.66317e+06 6235 0
6 2.68857e+06 6270 0
6 2.82946e+06 6321 0
6 2.71609e+06 6271 0
6 2.60155e+06 6127 0
6 2.69069e+06 6207 0
6 2.7088e+06 6338 0
6 2.72903e+06 6281 0
6 2.71797e+06 6413 0
6 2.6834e+06 6221 0
6 2.42256e+06 6098 0
6 2.32942e+06 5761 0
6 2.31578e+06 6010 0
6 2.41409e+06 5985 0
6 2.34777e+06 5929 0
6 2.46466e+06 6153 0
6 2.29767e+06 5818 0
6 2.30026e+06 5831 0
6 2.42515e+06 5924 0
6 2.25416e+06 5825 0
6 2.01167e+06 5590 0
6 1.94793e+06 5545 0
6 1.96815e+06 5511 0
6 2.12456e+06 5745 0
6 2.12456e+06 5745 0
6 2.12832e+06 5749 0
6 2.09446e+06 5640 0
6 2.13326e+06 5839 0
6 2.18689e+06 5729 0
6 2.04836e+06 5717 0
6 1.86514e+06 5482 0
6 1.87737e+06 5379 0
6 1.7887e+06 5190 0
6 1.91265e+06 5540 0
6 1.85479e+06 5366 0
6 1.90912e+06 5451 0
6 1.85408e+06 5359 0
6 1.82515e+06 5517 0
6 1.89548e+06 5502 0
6 1.90677e+06 5500 0
6 1.72613e+06 5257 0
6 1.69085e+06 5094 0
6 1.6584e+06 5174 0
6 1.61912e+06 5157 0
6 1.70544e+06 5236 0
6 1.63864e+06 5088 0
6 1.67815e+06 5190 0
6 1.59066e+06 5068 0
6 1.64475e+06 5176 0
6 1.55444e+06 5001 0
6 1.53256e+06 4925 0
6 1.54997e+06 5084 0
6 1.49023e+06 4968 0
6 1.55749e+06 4948 0
6 1.52245e+06 4874 0
6 1.56596e+06 5105 0
6 1.5288e+06 4973 0
6 1.58642e+06 5124 0
6 1.5161e+06 5040 0
6 1.59419e+06 5214 0
6 1.40015e+06 4868 0
6 1.44366e+06 4945 0
6 1.40979e+06 4828 0
6 1.52904e+06 4975 0
6 1.311e+06 4721 0
6 1.42131e+06 4831 0
6 1.41967e+06 4809 0
6 1.31759e+06 4729 0
6 1.53021e+06 4937 0
6 1.40508e+06 4791 0
6 1.29666e+06 4684 0
6 1.28278e+06 4606 0
6 1.40132e+06 4848 0
6 1.35005e+06 4708 0
6 1.35052e+06 4738 0
6 1.24068e+06 4554 0
6 1.38933e+06 4773 0
6 1.36816e+06 4811 0
6 1.25338e+06 4579 0
6 1.34417e+06 4796 0
6 1.17788e+06 4446 0
6 1.21716e+06 4598 0
6 1.20893e+06 4417 0
6 1.22963e+06 4531 0
6 1.27549e+06 4691 0
6 1.18259e+06 4393 0
6 1.1713e+06 4426 0
6 1.19811e+06 4552 0
6 1.22422e+06 4495 0
6 1.26138e+06 4624 0
6 1.1974e+06 4540 0
6 1.11203e+06 4415 0
6 1.18e+06 4520 0
6 1.2261e+06 4630 0
6 1.11391e+06 4348 0
6 1.19364e+06 4441 0
6 1.07745e+06 4229 0
6 1.15013e+06 4398 0
6 1.16165e+06 4427 0
6 1.14919e+06 4396 0
6 1.07839e+06 4353 0
6 1.01795e+06 4196 0
6 1.07651e+06 4367 0
6 1.03723e+06 4240 0
6 1.00289e+06 4177 0
6 1.02735e+06 4140 0
6 1.11838e+06 4367 0
6 1.09721e+06 4375 0
6 1.04876e+06 4226 0
6 1.0377e+06 4252 0
6 1.06287e+06 4404 0
6 1.02524e+06 4230 0
6 972552 4111 0
6 983842 4162 0
6 1.03958e+06 4332 0
6 1.0043e+06 4083 0
6 1.06922e+06 4200 0
6 994661 4138 0
6 1.01771e+06 4276 0
6 1.01442e+06 4121 0
6 946680 4053 0
6 965026 4133 0
6 877061 3900 0
6 995837 4158 0
6 998189 4165 0
6 936802 4015 0
6 979373 4132 0
6 933509 4017 0
6 893290 3974 0
6 957970 4053 0
6 901286 3959 0
6 921749 4081 0
6 900816 3944 0
6 912576 4087 0
6 956558 4113 0
6 871651 3889 0
6 797798 3711 0
6 841781 3841 0
6 933038 4079 0
6 908578 3958 0
6 827904 3811 0
6 864830 3950 0
6 819907 3809 0
6 909518 3893 0
6 819672 3858 0
6 873298 3885 0
6 838488 3878 0
6 825082 3893 0
6 845309 3889 0
6 825082 3887 0
6 770280 3666 0
6 841310 3890 0
6 723240 3581 0
6 784392 3764 0
6 766517 3704 0
6 843898 3856 0
6 791213 3796 0
6 777806 3700 0
6 798034 3731 0
6 819672 3851 0
6 799210 3740 0
6 764165 3713 0
6 714773 3615 0
6 775925 3700 0
6 798739 3802 0
6 737352 3563 0
6 735706 3567 0
6 770515 3761 0
6 794506 3757 0
6 767693 3711 0
6 732413 3708 0
6 668674 3417 0
6 766987 3690 0
6 720418 3570 0
6 734530 3603 0
6 700426 3541 0
6 706776 3544 0
6 732648 3653 0
6 750758 3690 0
6 691253 3517 0
