0 2.40391e+07 0 0
0 2.40356e+07 0 0
0 2.40379e+07 0 0
0 2.404e+07 0 0
0 2.4028e+07 0 0
0 2.40431e+07 0 0
0 2.40346e+07 0 0
0 2.40391e+07 0 0
0 2.40367e+07 0 0
0 2.40398e+07 0 0
0 1.20493e+07 6304 0
0 1.21231e+07 6320 0
0 1.20594e+07 6233 0
0 1.20573e+07 6326 0
0 1.2109e+07 6434 0
0 1.20672e+07 6387 0
0 1.21046e+07 6281 0
0 1.20886e+07 6325 0
0 1.21095e+07 6218 0
0 1.20533e+07 6387 0
0 7.81875e+06 7534 0
0 7.84862e+06 7611 0
0 7.77383e+06 7539 0
0 7.94647e+06 7498 0
0 7.86391e+06 7480 0
0 7.91377e+06 7509 0
0 7.87567e+06 7477 0
0 7.83592e+06 7570 0
0 7.83522e+06 7556 0
0 7.95611e+06 7407 0
0 5.73418e+06 7470 0
0 5.8753e+06 7453 0
0 5.79392e+06 7423 0
0 5.92281e+06 7518 0
0 5.73088e+06 7594 0
0 5.76122e+06 7470 0
0 5.8419e+06 7479 0
0 5.81556e+06 7699 0
0 5.73912e+06 7540 0
0 5.74311e+06 7497 0
0 4.51537e+06 7308 0
0 4.55559e+06 7285 0
0 4.52595e+06 7333 0
0 4.66402e+06 7382 0
0 4.50149e+06 7218 0
0 4.62144e+06 7342 0
0 4.46927e+06 7259 0
0 4.54571e+06 7276 0
0 4.4641e+06 7158 0
0 4.49185e+06 7173 0
0 3.72933e+06 6974 0
0 3.65689e+06 6787 0
0 3.77849e+06 6947 0
0 3.72698e+06 6992 0
0 3.77872e+06 6934 0
0 3.76038e+06 6874 0
0 3.77543e+06 6924 0
0 3.73921e+06 6902 0
0 3.56704e+06 6841 0
0 3.6543e+06 6838 0
0 3.22459e+06 6634 0
0 3.07947e+06 6588 0
0 2.99174e+06 6483 0
0 3.06348e+06 6590 0
0 3.09594e+06 6616 0
0 3.10958e+06 6450 0
0 3.06912e+06 6534 0
0 3.15991e+06 6543 0
0 3.07712e+06 6655 0
0 3.18037e+06 6654 0
0 2.70174e+06 6356 0
0 2.71632e+06 6316 0
0 2.64859e+06 6177 0
0 2.72126e+06 6201 0
0 2.74314e+06 6364 0
0 2.7556e+06 6287 0
0 2.75208e+06 6181 0
0 2.64412e+06 6326 0
0 2.60084e+06 6152 0
0 2.67587e+06 6260 0
0 2.3139e+06 5885 0
0 2.26568e+06 5784 0
0 2.37928e+06 5987 0
0 2.37105e+06 5859 0
0 2.27979e+06 5894 0
0 2.29626e+06 5982 0
0 2.42868e+06 6061 0
0 2.33483e+06 5854 0
0 2.38328e+06 5906 0
0 2.39198e+06 6039 0
0 2.15725e+06 5676 0
0 2.14267e+06 5756 0
0 2.10833e+06 5637 0
0 2.04412e+06 5571 0
0 2.04412e+06 5571 0
0 2.03283e+06 5632 0
0 2.1081e+06 5717 0
0 2.11774e+06 5840 0
0 2.07729e+06 5666 0
0 2.07823e+06 5750 0
0 1.95828e+06 5648 0
0 1.89618e+06 5418 0
0 1.87831e+06 5359 0
0 1.88278e+06 5574 0
0 1.85173e+06 5390 0
0 1.87478e+06 5458 0
0 1.8856e+06 5543 0
0 1.86349e+06 5474 0
0 1.91617e+06 5521 0
0 1.79904e+06 5434 0
0 1.63111e+06 5149 0
0 1.7005e+06 5270 0
0 1.65416e+06 5163 0
0 1.75106e+06 5261 0
0 1.62335e+06 5175 0
0 1.71226e+06 5211 0
0 1.71672e+06 5226 0
0 1.76565e+06 5330 0
0 1.66263e+06 5167 0
0 1.6344e+06 5118 0
0 1.63229e+06 5283 0
0 1.62688e+06 5173 0
0 1.52574e+06 4982 0
0 1.56196e+06 5098 0
0 1.57067e+06 4983 0
0 1.49423e+06 4953 0
0 1.54103e+06 4971 0
0 1.48458e+06 4895 0
0 1.55655e+06 5091 0
0 1.44766e+06 4922 0
0 1.39403e+06 4883 0
0 1.38627e+06 4722 0
0 1.43143e+06 4871 0
0 1.4827e+06 5013 0
0 1.47047e+06 5016 0
0 1.37145e+06 4756 0
0 1.42531e+06 4819 0
0 1.43307e+06 4826 0
0 1.4192e+06 4887 0
0 1.47635e+06 4898 0
0 1.35287e+06 4675 0
0 1.29078e+06 4638 0
0 1.2809e+06 4698 0
0 1.3691e+06 4842 0
0 1.29384e+06 4685 0
0 1.34323e+06 4785 0
0 1.24491e+06 4562 0
0 1.32018e+06 4708 0
0 1.32888e+06 4740 0
0 1.30254e+06 4681 0
0 1.24092e+06 4524 0
0 1.23856e+06 4612 0
0 1.22916e+06 4540 0
0 1.29289e+06 4690 0
0 1.17435e+06 4504 0
0 1.19246e+06 4520 0
0 1.22916e+06 4609 0
0 1.27055e+06 4628 0
0 1.20587e+06 4609 0
0 1.19199e+06 4437 0
0 1.08098e+06 4268 0
0 1.16142e+06 4479 0
0 1.12143e+06 4349 0
0 1.22563e+06 4529 0
0 1.11108e+06 4315 0
0 1.09627e+06 4402 0
0 1.08333e+06 4267 0
0 1.18306e+06 4448 0
0 1.11814e+06 4382 0
0 1.12261e+06 4476 0
0 1.08568e+06 4313 0
0 1.12967e+06 4437 0
0 1.06546e+06 4290 0
0 1.01771e+06 4131 0
0 1.04029e+06 4146 0
0 1.06263e+06 4311 0
0 1.06734e+06 4263 0
0 1.07157e+06 4241 0
0 1.12543e+06 4414 0
0 1.07157e+06 4290 0
0 950208 4013 0
0 1.0083e+06 4163 0
0 964790 4130 0
0 945034 4070 0
0 928570 3900 0
0 913752 3885 0
0 974434 4141 0
0 989957 4143 0
0 988546 4187 0
0 1.03864e+06 4232 0
0 949502 4076 0
0 906696 3986 0
0 902698 3983 0
0 997483 4157 0
0 944563 4103 0
0 971846 4217 0
0 960086 4122 0
0 974669 4094 0
0 934920 4037 0
0 882706 3967 0
0 885058 3950 0
0 801562 3749 0
0 872122 3890 0
0 900581 3994 0
0 913752 4027 0
0 944563 4074 0
0 883646 3933 0
0 922219 3934 0
0 874709 3982 0
0 924806 3985 0
0 882470 3839 0
0 844368 3903 0
0 849542 3867 0
0 827669 3912 0
0 884587 3998 0
0 824141 3767 0
0 881530 4002 0
0 840370 3878 0
0 846955 3852 0
0 858480 3931 0
0 838723 3906 0
0 789802 3833 0
0 769574 3721 0
0 843427 3928 0
0 757109 3681 0
0 809323 3801 0
0 813792 3841 0
0 850248 3912 0
0 820142 3824 0
0 769104 3616 0
0 807677 3791 0
0 762048 3741 0
0 715008 3591 0
0 697603 3517 0
0 776395 3626 0
0 778747 3702 0
0 804149 3813 0
0 760872 3722 0
0 805325 3759 0
0 786744 3695 0
0 697603 3513 0
0 732413 3563 0
0 734294 3655 0
0 717360 3565 0
0 678552 3493 0
0 666557 3502 0
0 787214 3764 0
0 712421 3621 0
0 696662 3514 0
0 676906 3507 0
