12 1.49423e+06 5012 0
12 1.52127e+06 5009 0
12 1.55749e+06 4988 0
12 1.43895e+06 4856 0
12 1.51375e+06 4951 0
12 1.60736e+06 5229 0
12 1.55303e+06 5070 0
12 1.55702e+06 4980 0
12 1.57419e+06 5100 0
12 1.5956e+06 5174 0
12 1.41896e+06 4919 0
12 1.46718e+06 4944 0
12 1.47612e+06 4895 0
12 1.41449e+06 4781 0
12 1.44742e+06 4955 0
12 1.47894e+06 5058 0
12 1.45518e+06 4999 0
12 1.45965e+06 4936 0
12 1.37192e+06 4714 0
12 1.41191e+06 4825 0
12 1.327e+06 4913 0
12 1.3183e+06 4707 0
12 1.29854e+06 4604 0
12 1.39356e+06 4843 0
12 1.22633e+06 4490 0
12 1.35264e+06 4706 0
12 1.28513e+06 4684 0
12 1.30771e+06 4659 0
12 1.35616e+06 4772 0
12 1.31195e+06 4637 0
12 1.25385e+06 4538 0
12 1.25126e+06 4626 0
12 1.23645e+06 4606 0
12 1.14495e+06 4449 0
12 1.2562e+06 4646 0
12 1.17294e+06 4493 0
12 1.30465e+06 4555 0
12 1.26585e+06 4649 0
12 1.25573e+06 4636 0
12 1.30277e+06 4614 0
12 1.08357e+06 4364 0
12 1.14684e+06 4518 0
12 1.18235e+06 4617 0
12 1.19646e+06 4396 0
12 1.07275e+06 4308 0
12 1.14895e+06 4386 0
12 1.11885e+06 4451 0
12 1.19435e+06 4548 0
12 1.10685e+06 4291 0
12 1.08004e+06 4307 0
12 1.01418e+06 4226 0
12 1.09838e+06 4212 0
12 1.10309e+06 4376 0
12 1.10379e+06 4398 0
12 1.03559e+06 4278 0
12 1.03417e+06 4144 0
12 1.05464e+06 4228 0
12 1.09109e+06 4383 0
12 1.01936e+06 4205 0
12 1.01254e+06 4202 0
12 971611 4123 0
12 990427 4202 0
12 946445 4039 0
12 978432 4157 0
12 1.07769e+06 4338 0
12 1.04946e+06 4202 0
12 988075 4106 0
12 1.07345e+06 4318 0
12 1.03817e+06 4282 0
12 998894 4238 0
12 958675 4171 0
12 961262 4068 0
12 951619 3976 0
12 929275 4038 0
12 958440 4035 0
12 887410 3898 0
12 908107 3950 0
12 1.00924e+06 4206 0
12 903638 3867 0
12 956794 4057 0
12 917515 3979 0
12 903403 3971 0
12 801091 3688 0
12 907872 4041 0
12 876120 3920 0
12 908107 3976 0
12 857304 3911 0
12 914458 3937 0
12 917280 4022 0
12 915163 3988 0
12 873533 3954 0
12 774984 3712 0
12 842251 3925 0
12 857304 3871 0
12 849307 3951 0
12 839664 3886 0
12 866242 3957 0
12 859656 3879 0
12 862714 3966 0
12 798269 3759 0
12 820613 3893 0
12 826258 3877 0
12 806736 3759 0
12 833549 3772 0
12 824846 3753 0
12 859891 3949 0
12 766987 3690 0
12 798504 3689 0
12 844368 3872 0
12 727944 3565 0
12 709834 3563 0
12 749347 3746 0
12 768634 3730 0
12 739469 3617 0
12 772162 3613 0
12 780629 3770 0
12 786744 3683 0
12 745584 3710 0
12 731002 3610 0
12 712891 3567 0
12 728179 3556 0
12 743232 3740 0
12 718771 3610 0
12 767928 3678 0
12 690312 3488 0
12 728885 3723 0
12 691723 3524 0
12 713126 3595 0
12 713832 3564 0
12 698309 3547 0
