14 1.2809e+06 4622 0
14 1.31877e+06 4782 0
14 1.30724e+06 4664 0
14 1.29289e+06 4661 0
14 1.25785e+06 4576 0
14 1.27808e+06 4607 0
14 1.29901e+06 4653 0
14 1.34135e+06 4786 0
14 1.33358e+06 4800 0
14 1.33335e+06 4679 0
14 1.24186e+06 4539 0
14 1.13931e+06 4304 0
14 1.20893e+06 4549 0
14 1.19293e+06 4500 0
14 1.28443e+06 4685 0
14 1.23362e+06 4571 0
14 1.17435e+06 4549 0
14 1.26302e+06 4607 0
14 1.28349e+06 4719 0
14 1.2174e+06 4398 0
14 1.15577e+06 4461 0
14 1.13719e+06 4364 0
14 1.08898e+06 4258 0
14 1.13178e+06 4422 0
14 1.16988e+06 4520 0
14 1.16824e+06 4479 0
14 1.15248e+06 4309 0
14 1.14519e+06 4409 0
14 1.15907e+06 4315 0
14 1.1513e+06 4326 0
14 1.1346e+06 4440 0
14 1.01606e+06 4138 0
14 1.01771e+06 4181 0
14 1.07181e+06 4284 0
14 1.03982e+06 4221 0
14 1.13931e+06 4311 0
14 1.0838e+06 4305 0
14 1.05887e+06 4342 0
14 1.10332e+06 4307 0
14 1.15413e+06 4469 0
14 1.02665e+06 4273 0
14 1.03817e+06 4222 0
14 1.03182e+06 4264 0
14 1.0076e+06 4146 0
14 998894 4188 0
14 1.02124e+06 4179 0
14 983842 4063 0
14 971611 4046 0
14 979608 4135 0
14 1.02288e+06 4203 0
14 1.00125e+06 4134 0
14 962674 4067 0
14 938918 4109 0
14 927394 4043 0
14 897053 3933 0
14 944563 4022 0
14 927864 3985 0
14 939389 4112 0
14 953971 4098 0
14 939389 4028 0
14 865771 3897 0
14 872592 3908 0
14 887645 4024 0
14 895877 4018 0
14 929275 4065 0
14 933744 3980 0
14 872592 3856 0
14 933038 4084 0
14 908107 4019 0
14 832373 3818 0
14 833549 3867 0
14 814968 3803 0
14 787685 3705 0
14 868123 3699 0
14 842016 3843 0
14 842251 3794 0
14 871886 3919 0
14 833549 3890 0
14 891173 4006 0
14 796152 3755 0
14 776160 3658 0
14 850954 3855 0
14 861302 3912 0
14 795682 3759 0
14 723710 3588 0
14 794741 3709 0
14 806971 3695 0
14 781805 3683 0
14 784392 3723 0
14 753346 3665 0
14 746995 3611 0
14 759461 3757 0
14 767458 3715 0
14 747936 3702 0
14 797798 3864 0
14 749582 3713 0
14 782981 3756 0
14 776866 3637 0
14 780158 3808 0
14 707717 3582 0
14 712186 3526 0
14 732648 3652 0
14 722064 3605 0
14 765576 3655 0
14 686784 3474 0
14 724181 3593 0
14 693370 3514 0
14 764870 3760 0
14 768869 3711 0
14 775690 3684 0
