5 3.66324e+06 6952 0
5 3.6242e+06 6776 0
5 3.75309e+06 6966 0
5 3.71522e+06 6889 0
5 3.62043e+06 6862 0
5 3.81447e+06 6912 0
5 3.65618e+06 6891 0
5 3.72416e+06 6925 0
5 3.60279e+06 6872 0
5 3.68112e+06 6876 0
5 3.17379e+06 6592 0
5 3.1839e+06 6615 0
5 3.03643e+06 6426 0
5 3.25376e+06 6669 0
5 3.07289e+06 6631 0
5 3.07359e+06 6513 0
5 3.16062e+06 6451 0
5 3.10887e+06 6531 0
5 3.16556e+06 6588 0
5 3.11381e+06 6587 0
5 2.65259e+06 6234 0
5 2.73632e+06 6308 0
5 2.74102e+06 6279 0
5 2.66599e+06 6218 0
5 2.71444e+06 6235 0
5 2.60437e+06 6134 0
5 2.67281e+06 6318 0
5 2.77748e+06 6211 0
5 2.65541e+06 6220 0
5 2.59825e+06 6211 0
5 2.31884e+06 5951 0
5 2.35859e+06 5885 0
5 2.40163e+06 5931 0
5 2.38211e+06 5964 0
5 2.34565e+06 5936 0
5 2.26686e+06 5876 0
5 2.3353e+06 5853 0
5 2.32189e+06 5818 0
5 2.34871e+06 5827 0
5 2.3814e+06 6011 0
5 2.11445e+06 5843 0
5 1.99802e+06 5557 0
5 2.12668e+06 5780 0
5 2.06576e+06 5725 0
5 2.06576e+06 5725 0
5 2.09798e+06 5616 0
5 2.14479e+06 5679 0
5 2.08387e+06 5692 0
5 2.17372e+06 5754 0
5 2.23087e+06 5850 0
5 1.86631e+06 5463 0
5 1.88583e+06 5464 0
5 1.88842e+06 5481 0
5 1.92347e+06 5594 0
5 1.8776e+06 5498 0
5 1.82492e+06 5445 0
5 1.82162e+06 5454 0
5 1.84985e+06 5462 0
5 1.86584e+06 5369 0
5 1.79834e+06 5291 0
5 1.74072e+06 5349 0
5 1.71343e+06 5246 0
5 1.72237e+06 5352 0
5 1.7513e+06 5419 0
5 1.70167e+06 5134 0
5 1.71908e+06 5264 0
5 1.73719e+06 5251 0
5 1.71273e+06 5291 0
5 1.65275e+06 5153 0
5 1.76259e+06 5364 0
5 1.60007e+06 5108 0
5 1.49846e+06 4992 0
5 1.60524e+06 5166 0
5 1.55891e+06 5155 0
5 1.52527e+06 4963 0
5 1.61818e+06 5203 0
5 1.5248e+06 5016 0
5 1.49023e+06 4835 0
5 1.56502e+06 5026 0
5 1.60383e+06 5074 0
5 1.43401e+06 4809 0
5 1.45118e+06 4968 0
5 1.47047e+06 4986 0
5 1.38439e+06 4925 0
5 1.4874e+06 4995 0
5 1.51775e+06 4970 0
5 1.48646e+06 4957 0
5 1.42743e+06 4821 0
5 1.42931e+06 4975 0
5 1.43848e+06 4874 0
5 1.35075e+06 4716 0
5 1.31383e+06 4691 0
5 1.34911e+06 4786 0
5 1.3016e+06 4693 0
5 1.33688e+06 4726 0
5 1.27502e+06 4634 0
5 1.37521e+06 4805 0
5 1.3524e+06 4686 0
5 1.32723e+06 4761 0
5 1.3564e+06 4760 0
5 1.28278e+06 4560 0
5 1.24821e+06 4656 0
5 1.29501e+06 4817 0
5 1.19435e+06 4543 0
5 1.23362e+06 4538 0
5 1.28419e+06 4643 0
5 1.23692e+06 4628 0
5 1.17059e+06 4545 0
5 1.26679e+06 4668 0
5 1.25808e+06 4611 0
5 1.12496e+06 4399 0
5 1.09627e+06 4236 0
5 1.13296e+06 4397 0
5 1.05558e+06 4240 0
5 1.11555e+06 4329 0
5 1.12708e+06 4406 0
5 1.16753e+06 4494 0
5 1.11226e+06 4364 0
5 1.17788e+06 4450 0
5 1.17083e+06 4467 0
5 1.14589e+06 4453 0
5 1.07533e+06 4337 0
5 1.06099e+06 4294 0
5 1.07345e+06 4326 0
5 1.12284e+06 4355 0
5 1.04241e+06 4278 0
5 1.10027e+06 4395 0
5 1.06216e+06 4361 0
5 1.09462e+06 4290 0
5 1.00713e+06 4108 0
5 1.05017e+06 4323 0
5 1.05628e+06 4315 0
5 983606 4219 0
5 1.00948e+06 4119 0
5 979608 4142 0
5 998894 4210 0
5 966672 4126 0
5 1.01136e+06 4126 0
5 978432 4057 0
5 1.01865e+06 4157 0
5 895406 3849 0
5 925512 4012 0
5 940565 4048 0
5 872827 3893 0
5 933979 3979 0
5 966672 4069 0
5 936566 4065 0
5 931157 4076 0
5 964555 4107 0
5 953736 4023 0
5 902933 4008 0
5 913987 3998 0
5 931627 3969 0
5 863890 3987 0
5 864595 3916 0
5 915634 4022 0
5 841075 3867 0
5 935155 4013 0
5 923395 3996 0
5 819907 3863 0
5 861538 3945 0
5 810029 3759 0
5 846955 3879 0
5 879883 3974 0
5 821318 3777 0
5 872357 3988 0
5 860597 3934 0
5 826963 3823 0
5 864360 3872 0
5 838253 3922 0
5 823200 3880 0
5 741821 3711 0
5 839664 3896 0
5 807442 3796 0
5 801797 3770 0
5 833314 3849 0
5 805795 3837 0
5 801326 3810 0
5 758285 3628 0
5 810499 3877 0
5 747936 3686 0
5 788626 3768 0
5 747936 3655 0
5 769104 3742 0
5 739939 3662 0
5 756403 3696 0
5 762989 3668 0
5 718536 3576 0
5 784862 3790 0
5 699720 3493 0
5 710069 3569 0
5 729355 3634 0
5 752405 3599 0
5 755462 3648 0
5 706306 3611 0
5 683021 3525 0
5 724651 3543 0
5 732178 3685 0
5 758755 3684 0
5 727709 3685 0
