13 1.4493e+06 4901 0
13 1.41191e+06 4844 0
13 1.42484e+06 4842 0
13 1.41449e+06 4748 0
13 1.41332e+06 4894 0
13 1.42931e+06 4831 0
13 1.46553e+06 4991 0
13 1.41285e+06 4890 0
13 1.46953e+06 4954 0
13 1.42296e+06 4856 0
13 1.25832e+06 4504 0
13 1.30701e+06 4701 0
13 1.2689e+06 4610 0
13 1.32912e+06 4646 0
13 1.39709e+06 4858 0
13 1.31994e+06 4737 0
13 1.29525e+06 4590 0
13 1.3437e+06 4726 0
13 1.23033e+06 4619 0
13 1.23668e+06 4521 0
13 1.26373e+06 4678 0
13 1.27596e+06 4647 0
13 1.27502e+06 4617 0
13 1.18682e+06 4527 0
13 1.25268e+06 4614 0
13 1.26773e+06 4635 0
13 1.25385e+06 4635 0
13 1.24962e+06 4595 0
13 1.24491e+06 4612 0
13 1.18141e+06 4482 0
13 1.2174e+06 4493 0
13 1.07698e+06 4325 0
13 1.164e+06 4523 0
13 1.11108e+06 4377 0
13 1.15718e+06 4496 0
13 1.16777e+06 4523 0
13 1.13061e+06 4423 0
13 1.17059e+06 4448 0
13 1.11085e+06 4346 0
13 1.09909e+06 4376 0
13 1.06616e+06 4320 0
13 1.06475e+06 4348 0
13 1.01936e+06 4176 0
13 1.06404e+06 4227 0
13 1.03253e+06 4196 0
13 1.11532e+06 4315 0
13 1.04523e+06 4251 0
13 1.04876e+06 4232 0
13 1.11438e+06 4406 0
13 1.03958e+06 4220 0
13 982901 4153 0
13 1.03723e+06 4258 0
13 1.041e+06 4238 0
13 985723 4130 0
13 989016 4153 0
13 1.02453e+06 4229 0
13 988310 4132 0
13 929040 3994 0
13 1.01865e+06 4198 0
13 1.0123e+06 4274 0
13 901051 3991 0
13 912106 4061 0
13 927394 4018 0
13 931157 4035 0
13 959146 4107 0
13 979373 4208 0
13 953266 4047 0
13 929275 3965 0
13 939154 4057 0
13 907872 3895 0
13 920808 3996 0
13 889997 3952 0
13 943152 4048 0
13 911870 3957 0
13 929510 4087 0
13 889056 3870 0
13 929746 4128 0
13 874709 3976 0
13 874003 3922 0
13 949267 4046 0
13 876355 3859 0
13 832843 3840 0
13 881294 4044 0
13 853776 3874 0
13 916574 4069 0
13 786509 3736 0
13 810499 3780 0
13 826258 3829 0
13 890232 4019 0
13 849542 3899 0
13 835195 3868 0
13 826728 3771 0
13 833784 3826 0
13 792154 3749 0
13 750758 3714 0
13 796622 3729 0
13 795917 3751 0
13 821789 3874 0
13 810264 3810 0
13 806501 3805 0
13 769810 3739 0
13 770750 3703 0
13 792624 3761 0
13 803914 3743 0
13 766752 3717 0
13 768634 3716 0
13 775454 3650 0
13 788626 3776 0
13 754522 3686 0
13 750288 3650 0
13 750523 3669 0
13 725827 3625 0
13 745819 3779 0
13 718771 3649 0
13 723005 3674 0
13 743232 3580 0
13 730296 3629 0
13 706306 3578 0
13 723710 3537 0
13 707482 3635 0
