8 2.38211e+06 6133 0
8 2.30261e+06 5949 0
8 2.30708e+06 5860 0
8 2.29908e+06 5949 0
8 2.3734e+06 6049 0
8 2.36258e+06 5940 0
8 2.36729e+06 6006 0
8 2.42891e+06 5940 0
8 2.32989e+06 5938 0
8 2.4228e+06 6021 0
8 2.06623e+06 5603 0
8 2.17301e+06 5863 0
8 2.08105e+06 5680 0
8 2.08881e+06 5640 0
8 2.08881e+06 5640 0
8 2.04483e+06 5549 0
8 2.03636e+06 5790 0
8 2.0787e+06 5755 0
8 2.15914e+06 5819 0
8 2.06153e+06 5595 0
8 1.83291e+06 5365 0
8 1.84326e+06 5300 0
8 1.93405e+06 5478 0
8 1.89571e+06 5481 0
8 1.86655e+06 5317 0
8 1.94722e+06 5690 0
8 1.95075e+06 5568 0
8 1.90982e+06 5460 0
8 1.85902e+06 5450 0
8 1.92088e+06 5489 0
8 1.79175e+06 5327 0
8 1.75577e+06 5232 0
8 1.78164e+06 5423 0
8 1.69462e+06 5337 0
8 1.6758e+06 5218 0
8 1.69062e+06 5135 0
8 1.53868e+06 4925 0
8 1.79293e+06 5397 0
8 1.69344e+06 5193 0
8 1.70826e+06 5176 0
8 1.53539e+06 5018 0
8 1.55891e+06 4990 0
8 1.54197e+06 5002 0
8 1.65087e+06 5167 0
8 1.56173e+06 4969 0
8 1.53915e+06 5064 0
8 1.55655e+06 5146 0
8 1.54879e+06 5061 0
8 1.54926e+06 5128 0
8 1.55844e+06 5019 0
8 1.43778e+06 4802 0
8 1.40697e+06 4787 0
8 1.42414e+06 4839 0
8 1.43284e+06 4845 0
8 1.33805e+06 4615 0
8 1.43072e+06 4924 0
8 1.38886e+06 4897 0
8 1.52504e+06 5090 0
8 1.47564e+06 4883 0
8 1.46694e+06 4800 0
8 1.35381e+06 4709 0
8 1.28701e+06 4783 0
8 1.30371e+06 4619 0
8 1.26491e+06 4652 0
8 1.34417e+06 4720 0
8 1.26185e+06 4541 0
8 1.26138e+06 4479 0
8 1.28325e+06 4640 0
8 1.31571e+06 4675 0
8 1.35569e+06 4714 0
8 1.11955e+06 4411 0
8 1.19905e+06 4449 0
8 1.24115e+06 4580 0
8 1.22422e+06 4588 0
8 1.1633e+06 4348 0
8 1.2134e+06 4608 0
8 1.24092e+06 4599 0
8 1.16142e+06 4344 0
8 1.24868e+06 4572 0
8 1.22563e+06 4543 0
8 1.12543e+06 4281 0
8 1.19787e+06 4589 0
8 1.15765e+06 4455 0
8 1.11744e+06 4370 0
8 1.18964e+06 4413 0
8 1.12967e+06 4425 0
8 1.10591e+06 4425 0
8 1.13931e+06 4322 0
8 1.18117e+06 4434 0
8 1.0831e+06 4316 0
8 968554 4196 0
8 1.08686e+06 4336 0
8 1.09015e+06 4269 0
8 1.029e+06 4227 0
8 1.06757e+06 4285 0
8 1.05111e+06 4283 0
8 1.09109e+06 4357 0
8 1.06851e+06 4310 0
8 1.11461e+06 4371 0
8 1.06404e+06 4357 0
8 964320 4149 0
8 1.06334e+06 4261 0
8 974904 4026 0
8 921278 3990 0
8 948091 4045 0
8 1.04005e+06 4206 0
8 1.02288e+06 4177 0
8 1.05511e+06 4263 0
8 1.00524e+06 4120 0
8 1.04288e+06 4312 0
8 958440 4081 0
8 966672 4050 0
8 934214 4003 0
8 986429 4194 0
8 1.01606e+06 4167 0
8 969259 4139 0
8 970435 4047 0
8 996542 4229 0
8 990427 4133 0
8 929510 3970 0
8 838253 3750 0
8 926923 3991 0
8 891173 3933 0
8 889997 3898 0
8 979138 4134 0
8 878002 3937 0
8 909754 4039 0
8 868123 3900 0
8 893760 3965 0
8 927629 4123 0
8 822259 3758 0
8 860126 3952 0
8 830021 3794 0
8 763930 3750 0
8 818731 3741 0
8 880118 3875 0
8 837077 3938 0
8 837312 3773 0
8 792859 3731 0
8 909283 4035 0
8 832373 3870 0
8 845779 3822 0
8 766046 3608 0
8 731002 3583 0
8 769104 3611 0
8 829550 3751 0
8 794506 3763 0
8 801562 3777 0
8 852835 3960 0
8 756403 3681 0
8 791683 3716 0
8 790272 3783 0
8 763224 3716 0
8 821318 3773 0
8 718066 3684 0
8 758990 3708 0
8 706306 3504 0
8 749818 3651 0
8 745114 3742 0
8 819202 3813 0
8 811440 3769 0
8 707246 3565 0
8 718066 3526 0
8 706306 3631 0
8 698309 3514 0
8 705835 3569 0
8 759461 3751 0
8 694546 3504 0
8 683491 3565 0
8 749818 3603 0
