4 4.50149e+06 7247 0
4 4.42341e+06 7165 0
4 4.55512e+06 7296 0
4 4.46904e+06 7310 0
4 4.5109e+06 7183 0
4 4.43681e+06 7208 0
4 4.67695e+06 7280 0
4 4.55794e+06 7365 0
4 4.48503e+06 7117 0
4 4.65884e+06 7338 0
4 3.74039e+06 7094 0
4 3.73968e+06 6903 0
4 3.59362e+06 6904 0
4 3.70369e+06 6921 0
4 3.7966e+06 7017 0
4 3.6536e+06 6813 0
4 3.77778e+06 6868 0
4 3.72322e+06 6927 0
4 3.75426e+06 6963 0
4 3.7465e+06 6876 0
4 3.01456e+06 6494 0
4 3.07853e+06 6523 0
4 3.2467e+06 6557 0
4 3.15239e+06 6527 0
4 3.08253e+06 6465 0
4 3.0075e+06 6577 0
4 3.1378e+06 6560 0
4 3.18814e+06 6579 0
4 3.11099e+06 6587 0
4 3.0656e+06 6572 0
4 2.67234e+06 6123 0
4 2.65894e+06 6206 0
4 2.56321e+06 6083 0
4 2.63283e+06 6140 0
4 2.67328e+06 6141 0
4 2.61872e+06 6115 0
4 2.64059e+06 6176 0
4 2.62319e+06 6217 0
4 2.77183e+06 6373 0
4 2.67305e+06 6197 0
4 2.26733e+06 5947 0
4 2.28756e+06 5885 0
4 2.34212e+06 5913 0
4 2.26592e+06 5897 0
4 2.36658e+06 5929 0
4 2.47689e+06 6094 0
4 2.41503e+06 5901 0
4 2.29932e+06 5923 0
4 2.34612e+06 5896 0
4 2.37364e+06 5974 0
4 2.06905e+06 5792 0
4 2.16102e+06 5741 0
4 2.0286e+06 5644 0
4 2.00014e+06 5558 0
4 2.00014e+06 5558 0
4 2.01731e+06 5619 0
4 2.10198e+06 5765 0
4 2.07823e+06 5747 0
4 1.96486e+06 5511 0
4 2.08646e+06 5679 0
4 1.87078e+06 5419 0
4 1.93617e+06 5592 0
4 1.83409e+06 5260 0
4 1.86772e+06 5412 0
4 1.96086e+06 5494 0
4 1.87854e+06 5397 0
4 1.86843e+06 5438 0
4 1.90771e+06 5506 0
4 1.77388e+06 5300 0
4 1.8736e+06 5447 0
4 1.62147e+06 5084 0
4 1.73554e+06 5283 0
4 1.64546e+06 5142 0
4 1.70967e+06 5277 0
4 1.63605e+06 5094 0
4 1.69109e+06 5238 0
4 1.71132e+06 5237 0
4 1.68897e+06 5172 0
4 1.77811e+06 5422 0
4 1.70026e+06 5280 0
4 1.53609e+06 4898 0
4 1.47564e+06 4898 0
4 1.53938e+06 5081 0
4 1.50834e+06 5039 0
4 1.51657e+06 4897 0
4 1.59113e+06 5125 0
4 1.4947e+06 4965 0
4 1.57537e+06 4954 0
4 1.60618e+06 5180 0
4 1.5168e+06 4987 0
4 1.44201e+06 4850 0
4 1.4232e+06 4880 0
4 1.38627e+06 4883 0
4 1.40673e+06 4783 0
4 1.46882e+06 4957 0
4 1.43707e+06 4849 0
4 1.42837e+06 4919 0
4 1.46647e+06 4993 0
4 1.38039e+06 4776 0
4 1.35616e+06 4807 0
4 1.3183e+06 4713 0
4 1.30701e+06 4712 0
4 1.29478e+06 4713 0
4 1.34676e+06 4723 0
4 1.36063e+06 4773 0
4 1.30465e+06 4741 0
4 1.29713e+06 4657 0
4 1.35264e+06 4814 0
4 1.34676e+06 4773 0
4 1.35946e+06 4796 0
4 1.21081e+06 4414 0
4 1.18611e+06 4396 0
4 1.15624e+06 4386 0
4 1.15036e+06 4486 0
4 1.23668e+06 4637 0
4 1.24962e+06 4545 0
4 1.19529e+06 4476 0
4 1.19317e+06 4593 0
4 1.19388e+06 4424 0
4 1.18141e+06 4447 0
4 1.07698e+06 4225 0
4 1.16847e+06 4354 0
4 1.14213e+06 4408 0
4 1.12284e+06 4298 0
4 1.08921e+06 4361 0
4 1.10568e+06 4288 0
4 1.13743e+06 4438 0
4 1.26255e+06 4564 0
4 1.18188e+06 4457 0
4 1.10897e+06 4346 0
4 1.0043e+06 4041 0
4 1.06005e+06 4280 0
4 1.0711e+06 4283 0
4 1.02288e+06 4221 0
4 1.10756e+06 4344 0
4 1.07769e+06 4331 0
4 1.02547e+06 4202 0
4 1.08427e+06 4356 0
4 1.06781e+06 4277 0
4 1.07886e+06 4295 0
4 997718 4110 0
4 947386 4063 0
4 1.0043e+06 4126 0
4 1.0337e+06 4261 0
4 998424 4125 0
4 946915 4097 0
4 1.0163e+06 4192 0
4 1.01065e+06 4191 0
4 1.00383e+06 4075 0
4 979608 4226 0
4 937742 4099 0
4 958440 4122 0
4 959381 4112 0
4 987605 4102 0
4 938683 3960 0
4 957499 4069 0
4 913282 3976 0
4 907166 3988 0
4 925512 4026 0
4 963850 4086 0
4 872827 3887 0
4 920573 4090 0
4 862949 4001 0
4 930216 4035 0
4 869534 3989 0
4 852365 3871 0
4 820613 3762 0
4 908578 3898 0
4 896582 3947 0
4 862243 3883 0
4 850013 3862 0
4 843662 3852 0
4 884117 3978 0
4 813086 3794 0
4 827434 3755 0
4 909048 4129 0
4 811910 3755 0
4 819672 3791 0
4 848602 3860 0
4 813322 3688 0
4 818731 3768 0
4 735941 3613 0
4 849072 3737 0
4 807912 3882 0
4 808382 3835 0
4 695957 3539 0
4 818731 3824 0
4 850483 3848 0
4 822730 3827 0
4 821554 3847 0
4 736176 3679 0
4 744643 3672 0
4 819672 3852 0
4 791448 3709 0
4 797798 3806 0
4 802032 3816 0
4 762048 3666 0
4 745349 3669 0
4 745584 3691 0
4 770515 3676 0
4 760872 3603 0
4 742762 3531 0
4 728414 3551 0
4 681374 3526 0
4 754286 3731 0
4 732178 3579 0
4 751934 3595 0
4 693370 3528 0
4 719477 3581 0
4 761578 3580 0
