22 826022 3829 0
22 814262 3802 0
22 795682 3725 0
22 822730 3878 0
22 826022 3885 0
22 854011 3934 0
22 776630 3725 0
22 822024 3793 0
22 769574 3747 0
22 855893 3929 0
22 733354 3582 0
22 731942 3524 0
22 743467 3720 0
22 762283 3814 0
22 813792 3770 0
22 717360 3678 0
22 738528 3558 0
22 735706 3599 0
22 751464 3657 0
22 799915 3902 0
22 720888 3577 0
22 737587 3690 0
22 781570 3773 0
22 722299 3684 0
22 747466 3661 0
22 722534 3630 0
22 650563 3444 0
22 735235 3617 0
22 754286 3699 0
22 721829 3602 0
