3 5.85272e+06 7478 0
3 5.70101e+06 7526 0
3 5.73817e+06 7451 0
3 5.85201e+06 7445 0
3 5.74523e+06 7588 0
3 5.75934e+06 7461 0
3 5.67843e+06 7442 0
3 5.85624e+06 7541 0
3 5.71889e+06 7568 0
3 5.78968e+06 7536 0
3 4.55371e+06 7331 0
3 4.64073e+06 7437 0
3 4.50761e+06 7269 0
3 4.44599e+06 7234 0
3 4.4601e+06 7253 0
3 4.55065e+06 7292 0
3 4.49232e+06 7198 0
3 4.41141e+06 7275 0
3 4.59016e+06 7246 0
3 4.47962e+06 7109 0
3 3.67594e+06 6889 0
3 3.75097e+06 6970 0
3 3.71193e+06 6908 0
3 3.66465e+06 6953 0
3 3.69335e+06 6981 0
3 3.70087e+06 6809 0
3 3.7298e+06 6890 0
3 3.73568e+06 6940 0
3 3.76649e+06 6912 0
3 3.66936e+06 6888 0
3 3.06701e+06 6490 0
3 2.98516e+06 6540 0
3 3.11593e+06 6466 0
3 3.08935e+06 6589 0
3 3.19308e+06 6574 0
3 3.16697e+06 6587 0
3 3.10981e+06 6457 0
3 3.07477e+06 6475 0
3 3.1498e+06 6588 0
3 3.05807e+06 6600 0
3 2.71162e+06 6237 0
3 2.66693e+06 6314 0
3 2.63165e+06 6188 0
3 2.71703e+06 6332 0
3 2.67446e+06 6370 0
3 2.72268e+06 6337 0
3 2.69398e+06 6261 0
3 2.64083e+06 6239 0
3 2.65894e+06 6225 0
3 2.62083e+06 6168 0
3 2.33201e+06 5921 0
3 2.42585e+06 6108 0
3 2.39057e+06 5927 0
3 2.2812e+06 5883 0
3 2.33436e+06 5879 0
3 2.40751e+06 5975 0
3 2.37411e+06 5948 0
3 2.37129e+06 5918 0
3 2.38799e+06 6007 0
3 2.36023e+06 5968 0
3 2.15396e+06 5815 0
3 2.19112e+06 5844 0
3 2.04506e+06 5693 0
3 2.12339e+06 5787 0
3 2.12339e+06 5787 0
3 2.22264e+06 5890 0
3 2.13914e+06 5810 0
3 2.02201e+06 5641 0
3 2.09681e+06 5652 0
3 2.11609e+06 5782 0
3 1.81457e+06 5378 0
3 1.83762e+06 5340 0
3 1.88325e+06 5526 0
3 1.90065e+06 5402 0
3 1.88372e+06 5536 0
3 1.82515e+06 5353 0
3 1.90324e+06 5422 0
3 1.90818e+06 5403 0
3 1.85761e+06 5529 0
3 1.91382e+06 5563 0
3 1.64287e+06 5182 0
3 1.67721e+06 5208 0
3 1.74589e+06 5405 0
3 1.72519e+06 5333 0
3 1.76376e+06 5242 0
3 1.75953e+06 5378 0
3 1.79763e+06 5497 0
3 1.75577e+06 5298 0
3 1.74048e+06 5326 0
3 1.78799e+06 5377 0
3 1.48529e+06 4900 0
3 1.50716e+06 5018 0
3 1.59677e+06 5226 0
3 1.4954e+06 4945 0
3 1.60359e+06 5126 0
3 1.5789e+06 5049 0
3 1.55844e+06 5072 0
3 1.52457e+06 4897 0
3 1.55655e+06 5040 0
3 1.5408e+06 5069 0
3 1.38909e+06 4876 0
3 1.2976e+06 4792 0
3 1.47588e+06 4947 0
3 1.43072e+06 4783 0
3 1.4827e+06 4884 0
3 1.43096e+06 4890 0
3 1.38156e+06 4879 0
3 1.37404e+06 4875 0
3 1.52621e+06 5071 0
3 1.45189e+06 4906 0
3 1.29572e+06 4634 0
3 1.27643e+06 4664 0
3 1.34581e+06 4779 0
3 1.335e+06 4763 0
3 1.36063e+06 4871 0
3 1.26514e+06 4623 0
3 1.31336e+06 4694 0
3 1.33617e+06 4750 0
3 1.28937e+06 4575 0
3 1.3437e+06 4734 0
3 1.12967e+06 4344 0
3 1.32041e+06 4749 0
3 1.20587e+06 4549 0
3 1.29313e+06 4643 0
3 1.14895e+06 4359 0
3 1.26044e+06 4647 0
3 1.18117e+06 4401 0
3 1.25056e+06 4627 0
3 1.18282e+06 4423 0
3 1.27596e+06 4717 0
3 1.15224e+06 4502 0
3 1.14707e+06 4453 0
3 1.20352e+06 4542 0
3 1.0457e+06 4267 0
3 1.06804e+06 4259 0
3 1.14354e+06 4373 0
3 1.15789e+06 4347 0
3 1.07722e+06 4311 0
3 1.15083e+06 4420 0
3 1.16988e+06 4553 0
3 1.02712e+06 4193 0
3 1.04617e+06 4218 0
3 1.11955e+06 4384 0
3 1.08357e+06 4283 0
3 1.09133e+06 4347 0
3 1.02665e+06 4191 0
3 1.04852e+06 4199 0
3 1.0624e+06 4282 0
3 1.06428e+06 4188 0
3 1.08662e+06 4283 0
3 988310 4191 0
3 1.0043e+06 4116 0
3 963379 4202 0
3 991133 4045 0
3 978902 4147 0
3 991838 4117 0
3 1.02124e+06 4235 0
3 924571 4019 0
3 958910 4039 0
3 965966 4092 0
3 920102 4078 0
3 945269 4023 0
3 957499 4098 0
3 914693 3988 0
3 946445 4060 0
3 959616 4135 0
3 955147 3992 0
3 981960 4171 0
3 935390 4051 0
3 969024 4076 0
3 843192 3836 0
3 854246 3915 0
3 959851 4112 0
3 854011 3890 0
3 877766 3919 0
3 843427 3910 0
3 956323 4097 0
3 819437 3777 0
3 935861 4028 0
3 849542 3875 0
3 878707 3959 0
3 841075 3809 0
3 858010 3901 0
3 856598 3935 0
3 819437 3731 0
3 800150 3867 0
3 825082 3839 0
3 798974 3696 0
3 750288 3713 0
3 896582 3908 0
3 770515 3731 0
3 779923 3757 0
3 777571 3741 0
3 812381 3801 0
3 924806 4063 0
3 798269 3866 0
3 755933 3754 0
3 810734 3802 0
3 798504 3789 0
3 753816 3727 0
3 774278 3769 0
3 791448 3715 0
3 719712 3621 0
3 691488 3458 0
3 787685 3742 0
3 770750 3749 0
3 719947 3538 0
3 740645 3545 0
3 770515 3777 0
3 760637 3759 0
3 809558 3817 0
3 757814 3759 0
3 704894 3536 0
3 707246 3568 0
3 769810 3720 0
3 677376 3548 0
3 748171 3702 0
3 735941 3613 0
3 753110 3662 0
3 734530 3678 0
