10 1.84467e+06 5356 0
10 2.00414e+06 5523 0
10 1.83785e+06 5445 0
10 1.80445e+06 5347 0
10 1.90418e+06 5466 0
10 1.82986e+06 5279 0
10 1.87266e+06 5457 0
10 1.78188e+06 5330 0
10 1.90112e+06 5623 0
10 1.89265e+06 5497 0
10 1.78376e+06 5329 0
10 1.71908e+06 5217 0
10 1.67133e+06 5262 0
10 1.63793e+06 5224 0
10 1.72002e+06 5216 0
10 1.70896e+06 5322 0
10 1.71061e+06 5292 0
10 1.70003e+06 5287 0
10 1.72754e+06 5283 0
10 1.72966e+06 5323 0
10 1.60524e+06 5138 0
10 1.57537e+06 5056 0
10 1.53703e+06 5057 0
10 1.57208e+06 5166 0
10 1.58831e+06 5074 0
10 1.50128e+06 5022 0
10 1.54526e+06 4936 0
10 1.5796e+06 5081 0
10 1.57255e+06 5019 0
10 1.50128e+06 5019 0
10 1.41214e+06 4854 0
10 1.49234e+06 5026 0
10 1.45871e+06 4856 0
10 1.36063e+06 4632 0
10 1.46177e+06 5050 0
10 1.43543e+06 4892 0
10 1.44366e+06 4887 0
10 1.40908e+06 4776 0
10 1.3604e+06 4675 0
10 1.4279e+06 4919 0
10 1.32794e+06 4698 0
10 1.36886e+06 4780 0
10 1.31759e+06 4629 0
10 1.2642e+06 4537 0
10 1.29313e+06 4686 0
10 1.32441e+06 4690 0
10 1.28184e+06 4615 0
10 1.30983e+06 4738 0
10 1.3992e+06 4830 0
10 1.28701e+06 4594 0
10 1.25479e+06 4586 0
10 1.1346e+06 4328 0
10 1.26961e+06 4638 0
10 1.25479e+06 4734 0
10 1.19505e+06 4533 0
10 1.24115e+06 4544 0
10 1.2468e+06 4536 0
10 1.16918e+06 4439 0
10 1.17741e+06 4424 0
10 1.22868e+06 4555 0
10 1.21975e+06 4543 0
10 1.13555e+06 4436 0
10 1.16847e+06 4373 0
10 1.08639e+06 4379 0
10 1.1593e+06 4361 0
10 1.0497e+06 4356 0
10 1.17435e+06 4581 0
10 1.1132e+06 4338 0
10 1.09838e+06 4300 0
10 1.20399e+06 4575 0
10 1.07275e+06 4365 0
10 1.16777e+06 4527 0
10 995131 4184 0
10 1.05652e+06 4287 0
10 1.10356e+06 4407 0
10 1.05346e+06 4167 0
10 1.00383e+06 4060 0
10 1.05628e+06 4291 0
10 997483 4158 0
10 1.02947e+06 4191 0
10 1.00266e+06 4160 0
10 972787 4060 0
10 1.03747e+06 4142 0
10 987134 4225 0
10 961498 4008 0
10 975610 4038 0
10 988546 4136 0
10 1.03606e+06 4245 0
10 963379 4058 0
10 933274 3971 0
10 956323 4085 0
10 920338 4032 0
10 983842 4101 0
10 901286 4005 0
10 937037 3945 0
10 983136 4112 0
10 929981 4027 0
10 914928 4000 0
10 923866 3921 0
10 946445 4005 0
10 940800 4123 0
10 876120 3900 0
10 911870 4032 0
10 860832 3924 0
10 915398 4057 0
10 889526 3931 0
10 941741 4048 0
10 907166 3921 0
10 841781 3925 0
10 851189 3833 0
10 811675 3725 0
10 876826 3974 0
10 831432 3784 0
10 835901 3837 0
10 797328 3747 0
10 867888 4018 0
10 846485 3859 0
10 851189 3884 0
10 877061 3985 0
10 766046 3736 0
10 763930 3641 0
10 790037 3775 0
10 818731 3823 0
10 774043 3687 0
10 815909 3765 0
10 805325 3787 0
10 801562 3806 0
10 742056 3674 0
10 796387 3867 0
10 839899 3729 0
10 715243 3721 0
10 767458 3611 0
10 756638 3709 0
10 782746 3774 0
10 709363 3558 0
10 786979 3770 0
10 782746 3650 0
10 718301 3614 0
10 741586 3608 0
10 806266 3821 0
10 736882 3722 0
10 710304 3540 0
10 704424 3565 0
10 705600 3534 0
10 712186 3600 0
10 728650 3601 0
10 690077 3516 0
10 711715 3591 0
10 741586 3566 0
10 647741 3382 0
