9 2.0707e+06 5654 0
9 2.14173e+06 5684 0
9 2.20547e+06 5722 0
9 2.08599e+06 5686 0
9 2.08599e+06 5686 0
9 2.10034e+06 5711 0
9 2.0747e+06 5685 0
9 2.06294e+06 5645 0
9 1.97544e+06 5441 0
9 2.07329e+06 5737 0
9 1.90912e+06 5520 0
9 1.80093e+06 5360 0
9 1.90253e+06 5495 0
9 1.88772e+06 5486 0
9 1.77294e+06 5279 0
9 1.89407e+06 5499 0
9 1.84538e+06 5489 0
9 1.9658e+06 5561 0
9 1.87807e+06 5364 0
9 1.9023e+06 5418 0
9 1.75953e+06 5352 0
9 1.66874e+06 5140 0
9 1.76823e+06 5330 0
9 1.67133e+06 5148 0
9 1.71743e+06 5286 0
9 1.76259e+06 5419 0
9 1.77388e+06 5187 0
9 1.68521e+06 5218 0
9 1.70308e+06 5139 0
9 1.75083e+06 5366 0
9 1.56925e+06 4959 0
9 1.58313e+06 5025 0
9 1.5248e+06 5122 0
9 1.49023e+06 4951 0
9 1.55467e+06 4962 0
9 1.50622e+06 4953 0
9 1.67157e+06 5247 0
9 1.50246e+06 4876 0
9 1.49328e+06 4904 0
9 1.53444e+06 5124 0
9 1.41144e+06 4857 0
9 1.45612e+06 4914 0
9 1.44507e+06 4967 0
9 1.41214e+06 4873 0
9 1.46318e+06 4921 0
9 1.40414e+06 4749 0
9 1.38415e+06 4958 0
9 1.42202e+06 4837 0
9 1.36251e+06 4709 0
9 1.40344e+06 4896 0
9 1.27478e+06 4583 0
9 1.34605e+06 4737 0
9 1.31924e+06 4648 0
9 1.34934e+06 4730 0
9 1.25268e+06 4585 0
9 1.32629e+06 4780 0
9 1.33782e+06 4671 0
9 1.34558e+06 4789 0
9 1.25079e+06 4639 0
9 1.24727e+06 4550 0
9 1.22845e+06 4671 0
9 1.21763e+06 4610 0
9 1.23245e+06 4566 0
9 1.2428e+06 4601 0
9 1.22727e+06 4603 0
9 1.2515e+06 4652 0
9 1.15366e+06 4418 0
9 1.22986e+06 4538 0
9 1.21269e+06 4610 0
9 1.23057e+06 4621 0
9 1.24656e+06 4537 0
9 1.18564e+06 4500 0
9 1.16306e+06 4441 0
9 1.168e+06 4483 0
9 1.15883e+06 4514 0
9 1.14354e+06 4449 0
9 1.07392e+06 4184 0
9 1.1292e+06 4325 0
9 1.16165e+06 4557 0
9 1.14589e+06 4509 0
9 1.03888e+06 4209 0
9 1.05181e+06 4267 0
9 1.04029e+06 4196 0
9 1.08639e+06 4394 0
9 1.02618e+06 4198 0
9 1.05276e+06 4313 0
9 1.05675e+06 4264 0
9 1.05111e+06 4246 0
9 1.07933e+06 4268 0
9 1.05581e+06 4281 0
9 1.00948e+06 4207 0
9 1.03323e+06 4081 0
9 946915 4042 0
9 1.02171e+06 4243 0
9 1.05158e+06 4354 0
9 1.0123e+06 4183 0
9 1.01936e+06 4216 0
9 997954 4127 0
9 1.03206e+06 4201 0
9 952090 4056 0
9 908578 3977 0
9 956794 4114 0
9 965026 4118 0
9 874003 3909 0
9 961498 4152 0
9 931627 4006 0
9 897994 4032 0
9 917045 3929 0
9 992779 4172 0
9 926923 4035 0
9 902698 4035 0
9 890232 3998 0
9 922219 4069 0
9 933509 4080 0
9 896112 3954 0
9 926218 4052 0
9 919162 4060 0
9 781570 3760 0
9 869299 3993 0
9 890702 3953 0
9 844838 3799 0
9 844368 3792 0
9 836842 3840 0
9 798504 3777 0
9 856834 3879 0
9 840134 3845 0
9 842016 3811 0
9 880354 3929 0
9 787214 3756 0
9 869770 3950 0
9 761107 3619 0
9 833784 3892 0
9 755462 3623 0
9 876590 3952 0
9 766517 3723 0
9 786274 3683 0
9 828139 3773 0
9 774043 3668 0
9 788626 3691 0
9 808618 3758 0
9 730766 3662 0
9 785803 3773 0
9 727474 3588 0
9 735470 3609 0
9 734530 3637 0
9 700661 3562 0
9 789566 3760 0
9 781099 3725 0
9 723005 3706 0
9 813322 3796 0
9 776630 3610 0
9 712891 3600 0
9 766282 3654 0
9 702072 3508 0
9 719477 3617 0
9 656443 3432 0
9 738528 3606 0
9 735235 3604 0
9 725592 3615 0
9 729590 3603 0
