18 973258 4050 0
18 939624 4016 0
18 966437 4150 0
18 1.00313e+06 4189 0
18 1.0116e+06 4189 0
18 1.00642e+06 4220 0
18 998894 4250 0
18 1.03653e+06 4267 0
18 969024 4054 0
18 1.02924e+06 4202 0
18 955382 4060 0
18 950678 4158 0
18 965731 4072 0
18 968318 4104 0
18 921984 4018 0
18 952560 4046 0
18 912811 4027 0
18 954912 4136 0
18 961968 4145 0
18 972552 4121 0
18 925277 4026 0
18 907872 4002 0
18 874003 3853 0
18 910224 4062 0
18 873298 3863 0
18 909283 3938 0
18 891173 3990 0
18 916104 4017 0
18 917986 3961 0
18 978902 4109 0
18 831432 3844 0
18 875885 3946 0
18 894701 4059 0
18 834725 3808 0
18 854717 3951 0
18 823906 3785 0
18 792624 3763 0
18 823200 3851 0
18 827198 3811 0
18 838958 3772 0
18 775690 3800 0
18 806030 3808 0
18 778277 3725 0
18 750523 3668 0
18 784862 3775 0
18 782275 3737 0
18 812851 3800 0
18 841310 3864 0
18 731942 3549 0
18 862949 4006 0
18 799680 3712 0
18 715478 3613 0
18 816379 3852 0
18 754522 3682 0
18 780629 3820 0
18 760402 3677 0
18 775454 3729 0
18 786274 3678 0
18 705835 3531 0
18 760872 3698 0
18 723475 3706 0
18 726768 3553 0
18 679258 3497 0
18 768163 3754 0
18 753816 3687 0
18 786744 3683 0
18 729120 3596 0
18 720418 3600 0
18 713597 3592 0
18 778042 3782 0
