21 865771 3954 0
21 861773 3978 0
21 789331 3736 0
21 845309 3840 0
21 883882 3920 0
21 836371 3866 0
21 821789 3917 0
21 792389 3735 0
21 904814 3972 0
21 832138 3840 0
21 805325 3755 0
21 780158 3804 0
21 798739 3795 0
21 798504 3747 0
21 867888 4016 0
21 753346 3720 0
21 801797 3775 0
21 798504 3720 0
21 778277 3783 0
21 845544 3880 0
21 807912 3816 0
21 757344 3768 0
21 780158 3673 0
21 750523 3717 0
21 781805 3718 0
21 774278 3782 0
21 753816 3687 0
21 794506 3782 0
21 757109 3661 0
21 740880 3560 0
21 731237 3588 0
21 765576 3635 0
21 687254 3610 0
21 741115 3654 0
21 715714 3577 0
21 712186 3545 0
21 667262 3450 0
21 736646 3630 0
21 696192 3485 0
21 750523 3680 0
