15 1.20516e+06 4533 0
15 1.17929e+06 4478 0
15 1.19082e+06 4476 0
15 1.23927e+06 4608 0
15 1.20093e+06 4532 0
15 1.23456e+06 4536 0
15 1.28278e+06 4610 0
15 1.23057e+06 4517 0
15 1.12567e+06 4421 0
15 1.17788e+06 4446 0
15 1.04523e+06 4097 0
15 1.11696e+06 4424 0
15 1.16777e+06 4504 0
15 1.20234e+06 4546 0
15 1.17741e+06 4445 0
15 1.11838e+06 4329 0
15 1.15765e+06 4530 0
15 1.14495e+06 4487 0
15 1.09838e+06 4364 0
15 1.08216e+06 4333 0
15 1.0671e+06 4303 0
15 1.02453e+06 4160 0
15 1.07675e+06 4345 0
15 1.12943e+06 4510 0
15 998424 4141 0
15 1.08921e+06 4343 0
15 1.00125e+06 4150 0
15 1.0664e+06 4298 0
15 1.05111e+06 4283 0
15 1.05722e+06 4223 0
15 1.02947e+06 4229 0
15 949973 3989 0
15 1.01371e+06 4155 0
15 953030 4098 0
15 1.05605e+06 4313 0
15 992779 4157 0
15 1.00477e+06 4209 0
15 977726 4149 0
15 1.02759e+06 4190 0
15 1.06381e+06 4333 0
15 963850 4062 0
15 935861 4068 0
15 922454 3937 0
15 931862 3954 0
15 892584 3889 0
15 909283 3914 0
15 954677 4012 0
15 963614 4112 0
15 908107 4026 0
15 897053 4016 0
15 880118 3941 0
15 862714 3915 0
15 839429 3836 0
15 867182 3965 0
15 827669 3798 0
15 865301 3876 0
15 913987 3974 0
15 895406 3965 0
15 828139 3813 0
15 860362 3856 0
15 836606 3782 0
15 831667 3762 0
15 809794 3786 0
15 852835 3934 0
15 828610 3815 0
15 866006 3920 0
15 816379 3863 0
15 925042 4038 0
15 884587 3956 0
15 821083 3899 0
15 789096 3763 0
15 817555 3818 0
15 764400 3689 0
15 825552 3815 0
15 823906 3756 0
15 785098 3806 0
15 772162 3684 0
15 829315 3820 0
15 837782 3860 0
15 782746 3806 0
15 741821 3603 0
15 758990 3664 0
15 779453 3756 0
15 817790 3772 0
15 765811 3682 0
15 742056 3734 0
15 777101 3706 0
15 730061 3604 0
15 774984 3666 0
15 733589 3575 0
15 683962 3490 0
15 708187 3589 0
15 710304 3572 0
15 727474 3585 0
15 714302 3552 0
15 762518 3639 0
15 798739 3786 0
15 749582 3543 0
15 668203 3479 0
15 743702 3635 0
