1 1.21455e+07 6304 0
1 1.20625e+07 6320 0
1 1.21523e+07 6233 0
1 1.21366e+07 6326 0
1 1.20364e+07 6434 0
1 1.20952e+07 6387 0
1 1.20907e+07 6281 0
1 1.20945e+07 6325 0
1 1.21046e+07 6218 0
1 1.21177e+07 6387 0
1 7.91448e+06 7487 0
1 7.90719e+06 7451 0
1 7.91566e+06 7538 0
1 7.91236e+06 7498 0
1 7.97116e+06 7440 0
1 7.92436e+06 7475 0
1 7.89096e+06 7456 0
1 7.9587e+06 7475 0
1 7.87755e+06 7450 0
1 7.91472e+06 7359 0
1 5.78521e+06 7535 0
1 5.87671e+06 7507 0
1 5.84237e+06 7566 0
1 5.72359e+06 7535 0
1 5.84096e+06 7620 0
1 5.74923e+06 7480 0
1 5.8252e+06 7573 0
1 5.7283e+06 7530 0
1 5.78545e+06 7532 0
1 5.77181e+06 7408 0
1 4.48197e+06 7347 0
1 4.55535e+06 7231 0
1 4.47562e+06 7185 0
1 4.50949e+06 7153 0
1 4.56312e+06 7231 0
1 4.53254e+06 7285 0
1 4.52007e+06 7270 0
1 4.58475e+06 7272 0
1 4.53442e+06 7179 0
1 4.40882e+06 7086 0
1 3.76367e+06 6918 0
1 3.64489e+06 6864 0
1 3.61526e+06 6893 0
1 3.6456e+06 6961 0
1 3.66042e+06 6826 0
1 3.72557e+06 6806 0
1 3.58751e+06 6854 0
1 3.70511e+06 6855 0
1 3.79472e+06 6854 0
1 3.7592e+06 6911 0
1 3.11616e+06 6464 0
1 3.15968e+06 6672 0
1 3.13357e+06 6495 0
1 3.0576e+06 6539 0
1 3.10676e+06 6607 0
1 3.11005e+06 6484 0
1 3.13428e+06 6605 0
1 3.03526e+06 6423 0
1 3.07877e+06 6636 0
1 3.17755e+06 6696 0
1 2.63941e+06 6051 0
1 2.7596e+06 6273 0
1 2.64788e+06 6222 0
1 2.69986e+06 6171 0
1 2.67328e+06 6336 0
1 2.6874e+06 6153 0
1 2.72832e+06 6422 0
1 2.66035e+06 6331 0
1 2.70339e+06 6205 0
1 2.79606e+06 6409 0
1 2.35435e+06 5959 0
1 2.42797e+06 6067 0
1 2.30355e+06 5922 0
1 2.38869e+06 5946 0
1 2.28803e+06 5994 0
1 2.23393e+06 5891 0
1 2.37223e+06 6059 0
1 2.36305e+06 6058 0
1 2.22946e+06 5848 0
1 2.41409e+06 6048 0
1 2.10316e+06 5683 0
1 2.06788e+06 5615 0
1 2.01308e+06 5568 0
1 2.19371e+06 5670 0
1 2.19371e+06 5670 0
1 2.09375e+06 5718 0
1 2.06741e+06 5671 0
1 2.08081e+06 5755 0
1 2.1502e+06 5840 0
1 2.06788e+06 5725 0
1 1.93687e+06 5532 0
1 1.8602e+06 5410 0
1 1.89218e+06 5538 0
1 1.8181e+06 5319 0
1 1.91265e+06 5445 0
1 1.93076e+06 5593 0
1 1.87713e+06 5409 0
1 1.98062e+06 5563 0
1 1.84938e+06 5404 0
1 1.8736e+06 5510 0
1 1.69226e+06 5200 0
1 1.65487e+06 5187 0
1 1.70238e+06 5196 0
1 1.75224e+06 5318 0
1 1.73625e+06 5233 0
1 1.68027e+06 5212 0
1 1.74848e+06 5368 0
1 1.73484e+06 5189 0
1 1.72684e+06 5198 0
1 1.71508e+06 5244 0
1 1.50716e+06 4911 0
1 1.61912e+06 5121 0
1 1.57325e+06 5111 0
1 1.60806e+06 5160 0
1 1.57913e+06 5150 0
1 1.53633e+06 5065 0
1 1.53938e+06 5024 0
1 1.5702e+06 5062 0
1 1.48411e+06 4967 0
1 1.52668e+06 5117 0
1 1.47071e+06 4962 0
1 1.40156e+06 4948 0
1 1.40744e+06 4847 0
1 1.50693e+06 5030 0
1 1.48764e+06 4979 0
1 1.41144e+06 4930 0
1 1.36228e+06 4790 0
1 1.46812e+06 4850 0
1 1.40391e+06 4856 0
1 1.45424e+06 4979 0
1 1.39332e+06 4864 0
1 1.30677e+06 4631 0
1 1.28278e+06 4598 0
1 1.33876e+06 4840 0
1 1.27855e+06 4642 0
1 1.34393e+06 4819 0
1 1.31383e+06 4674 0
1 1.21081e+06 4499 0
1 1.33547e+06 4715 0
1 1.41967e+06 4929 0
1 1.23409e+06 4641 0
1 1.23268e+06 4693 0
1 1.14001e+06 4499 0
1 1.2181e+06 4517 0
1 1.24609e+06 4609 0
1 1.2094e+06 4517 0
1 1.21481e+06 4602 0
1 1.19693e+06 4434 0
1 1.22092e+06 4500 0
1 1.23903e+06 4581 0
1 1.0798e+06 4278 0
1 1.12637e+06 4320 0
1 1.08474e+06 4348 0
1 1.10309e+06 4316 0
1 1.20281e+06 4570 0
1 1.10756e+06 4366 0
1 1.1633e+06 4469 0
1 1.11344e+06 4490 0
1 1.09133e+06 4295 0
1 1.10497e+06 4386 0
1 1.10826e+06 4440 0
1 1.07863e+06 4328 0
1 1.11579e+06 4360 0
1 1.11791e+06 4448 0
1 1.08804e+06 4336 0
1 1.03488e+06 4110 0
1 1.14401e+06 4526 0
1 1.11932e+06 4288 0
1 1.04805e+06 4242 0
1 1.02288e+06 4164 0
1 957499 4086 0
1 930451 4008 0
1 1.00454e+06 4152 0
1 1.0076e+06 4156 0
1 1.05769e+06 4355 0
1 1.06334e+06 4398 0
1 1.00007e+06 4123 0
1 1.01677e+06 4181 0
1 1.04452e+06 4334 0
1 983371 4098 0
1 938683 4039 0
1 948562 4067 0
1 892819 3985 0
1 955853 4034 0
1 930686 3922 0
1 932568 3978 0
1 922454 4063 0
1 993014 4192 0
1 936802 4092 0
1 961027 4161 0
1 908107 3946 0
1 917750 3976 0
1 883176 3914 0
1 863184 3943 0
1 839194 3852 0
1 876826 3830 0
1 906461 4076 0
1 906461 4018 0
1 858480 3920 0
1 841075 3856 0
1 842722 3821 0
1 825552 3825 0
1 831667 3886 0
1 870710 3874 0
1 853306 3895 0
1 786979 3801 0
1 893760 4019 0
1 850248 3872 0
1 775925 3823 0
1 803443 3803 0
1 798974 3817 0
1 826022 3818 0
1 828845 3817 0
1 824141 3823 0
1 771691 3773 0
1 819202 3817 0
1 808853 3782 0
1 774514 3711 0
1 782746 3737 0
1 763459 3612 0
1 704659 3517 0
1 785568 3822 0
1 738763 3698 0
1 786979 3809 0
1 792624 3714 0
1 734059 3570 0
1 721358 3631 0
1 758050 3662 0
1 741350 3690 0
1 793800 3664 0
1 650093 3474 0
1 686314 3570 0
1 709128 3569 0
1 729120 3556 0
1 739234 3700 0
1 737587 3631 0
1 689842 3466 0
1 722770 3593 0
1 703248 3575 0
1 758520 3756 0
