19 949738 4034 0
19 935861 4104 0
19 947621 3939 0
19 896818 3942 0
19 924571 4065 0
19 900581 3961 0
19 949973 4056 0
19 860362 3955 0
19 971846 4152 0
19 1.05958e+06 4384 0
19 851659 3909 0
19 882470 3898 0
19 895642 4084 0
19 851659 3813 0
19 888821 3853 0
19 892819 3955 0
19 931157 4102 0
19 900346 3910 0
19 898229 3974 0
19 886469 3925 0
19 888821 3936 0
19 798269 3788 0
19 818496 3722 0
19 817320 3710 0
19 785803 3766 0
19 813322 3728 0
19 799915 3751 0
19 863184 3929 0
19 833314 3774 0
19 902698 3978 0
19 783922 3675 0
19 780158 3675 0
19 784627 3813 0
19 819202 3854 0
19 769810 3746 0
19 828139 3827 0
19 805090 3752 0
19 846485 3930 0
19 829786 3836 0
19 815203 3744 0
19 812381 3736 0
19 724416 3594 0
19 765341 3664 0
19 754286 3652 0
19 735941 3608 0
19 753346 3653 0
19 784392 3776 0
19 728885 3693 0
19 793094 3764 0
19 720418 3690 0
19 674318 3449 0
19 703248 3534 0
19 665146 3462 0
19 719712 3544 0
19 724651 3612 0
19 738058 3578 0
19 742762 3682 0
19 751934 3686 0
19 766987 3670 0
19 711245 3496 0
